Normalize Format Error Log
Generated: 2025-10-30 07:46:25
Source Directory: /home/genext/Downloads/markdown-export/English
================================================================================

1. rattle.md
   Problem: Could not determine format (ambiguous: neither section matches word pattern)

2. flabbergast.md
   Problem: Could not determine format (ambiguous: neither section matches word pattern)

3. which is  equivalent of.md
   Problem: Could not determine format (ambiguous: neither section matches word pattern)

4. pledge class.md
   Problem: Could not determine format (ambiguous: neither section matches word pattern)

5. every now and thenagain.md
   Problem: Could not determine format (ambiguous: neither section matches word pattern)

6. on the ++off++ chance.md
   Problem: Could not determine format (ambiguous: neither section matches word pattern)

7. swoop.md
   Problem: Could not determine format (ambiguous: neither section matches word pattern)

8. now I come to think of it.md
   Problem: Could not determine format (ambiguous: neither section matches word pattern)

9. The chances are that.md
   Problem: Could not determine format (ambiguous: neither section matches word pattern)

10. become due.md
   Problem: Could not determine format (ambiguous: neither section matches word pattern)

